<?xml version="1.0" encoding="UTF-8"?>
<!-- Generated by org.testng.reporters.JUnitReportReporter -->
<testsuite hostname="vaio-VAIO" name="company.project.AppTest2" tests="1" failures="0" timestamp="16 Feb 2018 16:03:37 GMT" time="44.686" errors="0">
  <testcase name="testApp" time="44.686" classname="company.project.AppTest2"/>
</testsuite>
